18:42:45: Creating resource group General
18:42:45: Creating resource group Internal
18:42:45: Creating resource group Autodetect
18:42:45: SceneManagerFactory for type 'DefaultSceneManager' registered.
18:42:45: Registering ResourceManager for type Material
18:42:45: Registering ResourceManager for type Mesh
18:42:45: Registering ResourceManager for type Skeleton
18:42:45: MovableObjectFactory for type 'ParticleSystem' registered.
18:42:45: ArchiveFactory for archive type FileSystem registered.
18:42:45: ArchiveFactory for archive type Zip registered.
18:42:45: ArchiveFactory for archive type EmbeddedZip registered.
18:42:45: DDS codec registering
18:42:45: FreeImage version: 3.17.0
18:42:45: This program uses FreeImage, a free, open source image library supporting all common bitmap formats. See http://freeimage.sourceforge.net for details
18:42:45: Supported formats: bmp,ico,jpg,jif,jpeg,jpe,jng,koa,iff,lbm,mng,pbm,pbm,pcd,pcx,pgm,pgm,png,ppm,ppm,ras,tga,targa,tif,tiff,wap,wbmp,wbm,psd,cut,xbm,xpm,gif,hdr,sgi,rgb,rgba,bw,exr,j2k,j2c,jp2,pfm,pct,pict,pic,3fr,arw,bay,bmq,cap,cine,cr2,crw,cs1,dc2,dcr,drf,dsc,dng,erf,fff,ia,iiq,k25,kc2,kdc,mdc,mef,mos,mrw,nef,nrw,orf,pef,ptx,pxn,qtk,raf,raw,rdc,rw2,rwl,rwz,sr2,srf,srw,sti,x3f,webp,jxr,wdp,hdp
18:42:45: Registering ResourceManager for type HighLevelGpuProgram
18:42:45: Registering ResourceManager for type Compositor
18:42:45: MovableObjectFactory for type 'Entity' registered.
18:42:45: MovableObjectFactory for type 'Light' registered.
18:42:45: MovableObjectFactory for type 'BillboardSet' registered.
18:42:45: MovableObjectFactory for type 'ManualObject' registered.
18:42:45: MovableObjectFactory for type 'BillboardChain' registered.
18:42:45: MovableObjectFactory for type 'RibbonTrail' registered.
18:42:45: *-*-* OGRE Initialising
18:42:45: *-*-* Version 1.9.0 (Ghadamon)
18:42:45: Installing plugin: GL RenderSystem
18:42:45: OpenGL Rendering Subsystem created.
18:42:45: Plugin successfully installed
18:42:45: CPU Identifier & Features
18:42:45: -------------------------
18:42:45:  *   CPU ID: GenuineIntel: Intel(R) Pentium(R) CPU G2020T @ 2.50GHz
18:42:45:  *      SSE: yes
18:42:45:  *     SSE2: yes
18:42:45:  *     SSE3: yes
18:42:45:  *      MMX: yes
18:42:45:  *   MMXEXT: yes
18:42:45:  *    3DNOW: no
18:42:45:  * 3DNOWEXT: no
18:42:45:  *     CMOV: yes
18:42:45:  *      TSC: yes
18:42:45:  *      FPU: yes
18:42:45:  *      PRO: yes
18:42:45:  *       HT: no
18:42:45: -------------------------
18:42:45: ******************************
*** Starting SDL Subsystem ***
******************************
18:42:45: Registering ResourceManager for type Texture
18:42:45: GLRenderSystem::_createRenderWindow "OGRE Render Window", 640x480 windowed  miscParams: 
18:42:45: GL_VERSION = 3.0 Mesa 11.0.0 (git-c4bae57)
18:42:45: GL_VENDOR = Intel Open Source Technology Center
18:42:45: GL_RENDERER = Mesa DRI Intel(R) Ivybridge Desktop 
18:42:45: GL_EXTENSIONS = GL_ARB_multisample GL_EXT_abgr GL_EXT_bgra GL_EXT_blend_color GL_EXT_blend_minmax GL_EXT_blend_subtract GL_EXT_copy_texture GL_EXT_polygon_offset GL_EXT_subtexture GL_EXT_texture_object GL_EXT_vertex_array GL_EXT_compiled_vertex_array GL_EXT_texture GL_EXT_texture3D GL_IBM_rasterpos_clip GL_ARB_point_parameters GL_EXT_draw_range_elements GL_EXT_packed_pixels GL_EXT_point_parameters GL_EXT_rescale_normal GL_EXT_separate_specular_color GL_EXT_texture_edge_clamp GL_SGIS_generate_mipmap GL_SGIS_texture_border_clamp GL_SGIS_texture_edge_clamp GL_SGIS_texture_lod GL_ARB_framebuffer_sRGB GL_ARB_multitexture GL_EXT_framebuffer_sRGB GL_IBM_multimode_draw_arrays GL_IBM_texture_mirrored_repeat GL_3DFX_texture_compression_FXT1 GL_ARB_texture_cube_map GL_ARB_texture_env_add GL_ARB_transpose_matrix GL_EXT_blend_func_separate GL_EXT_fog_coord GL_EXT_multi_draw_arrays GL_EXT_secondary_color GL_EXT_texture_env_add GL_EXT_texture_filter_anisotropic GL_EXT_texture_lod_bias GL_INGR_blend_func_separate GL_NV_blend_square GL_NV_light_max_exponent GL_NV_texgen_reflection GL_NV_texture_env_combine4 GL_S3_s3tc GL_SUN_multi_draw_arrays GL_ARB_texture_border_clamp GL_ARB_texture_compression GL_EXT_framebuffer_object GL_EXT_texture_env_combine GL_EXT_texture_env_dot3 GL_MESA_window_pos GL_NV_packed_depth_stencil GL_NV_texture_rectangle GL_ARB_depth_texture GL_ARB_occlusion_query GL_ARB_shadow GL_ARB_texture_env_combine GL_ARB_texture_env_crossbar GL_ARB_texture_env_dot3 GL_ARB_texture_mirrored_repeat GL_ARB_window_pos GL_EXT_stencil_two_side GL_EXT_texture_cube_map GL_NV_depth_clamp GL_APPLE_packed_pixels GL_APPLE_vertex_array_object GL_ARB_draw_buffers GL_ARB_fragment_program GL_ARB_fragment_shader GL_ARB_shader_objects GL_ARB_vertex_program GL_ARB_vertex_shader GL_ATI_draw_buffers GL_ATI_texture_env_combine3 GL_ATI_texture_float GL_EXT_shadow_funcs GL_EXT_stencil_wrap GL_MESA_pack_invert GL_NV_primitive_restart GL_ARB_depth_clamp GL_ARB_fragment_program_shadow GL_ARB_half_float_pixel GL_ARB_occlusion_query2 GL_ARB_point_sprite GL_ARB_shading_language_100 GL_ARB_sync GL_ARB_texture_non_power_of_two GL_ARB_vertex_buffer_object GL_ATI_blend_equation_separate GL_EXT_blend_equation_separate GL_OES_read_format GL_ARB_color_buffer_float GL_ARB_pixel_buffer_object GL_ARB_texture_compression_rgtc GL_ARB_texture_float GL_ARB_texture_rectangle GL_EXT_packed_float GL_EXT_pixel_buffer_object GL_EXT_texture_compression_dxt1 GL_EXT_texture_compression_rgtc GL_EXT_texture_rectangle GL_EXT_texture_sRGB GL_EXT_texture_shared_exponent GL_ARB_framebuffer_object GL_EXT_framebuffer_blit GL_EXT_framebuffer_multisample GL_EXT_packed_depth_stencil GL_APPLE_object_purgeable GL_ARB_vertex_array_object GL_ATI_separate_stencil GL_EXT_draw_buffers2 GL_EXT_draw_instanced GL_EXT_gpu_program_parameters GL_EXT_texture_array GL_EXT_texture_integer GL_EXT_texture_sRGB_decode GL_EXT_timer_query GL_OES_EGL_image GL_AMD_performance_monitor GL_ARB_copy_buffer GL_ARB_depth_buffer_float GL_ARB_draw_instanced GL_ARB_half_float_vertex GL_ARB_instanced_arrays GL_ARB_map_buffer_range GL_ARB_texture_rg GL_ARB_texture_swizzle GL_ARB_vertex_array_bgra GL_EXT_texture_swizzle GL_EXT_vertex_array_bgra GL_NV_conditional_render GL_AMD_conservative_depth GL_AMD_draw_buffers_blend GL_AMD_seamless_cubemap_per_texture GL_ARB_ES2_compatibility GL_ARB_blend_func_extended GL_ARB_debug_output GL_ARB_draw_buffers_blend GL_ARB_draw_elements_base_vertex GL_ARB_explicit_attrib_location GL_ARB_fragment_coord_conventions GL_ARB_provoking_vertex GL_ARB_sample_shading GL_ARB_sampler_objects GL_ARB_seamless_cube_map GL_ARB_shader_texture_lod GL_ARB_texture_cube_map_array GL_ARB_texture_gather GL_ARB_texture_multisample GL_ARB_texture_query_lod GL_ARB_texture_rgb10_a2ui GL_ARB_uniform_buffer_object GL_ARB_vertex_type_2_10_10_10_rev GL_EXT_provoking_vertex GL_EXT_texture_snorm GL_MESA_texture_signed_rgba GL_ARB_get_program_binary GL_ARB_robustness GL_ARB_separate_shader_objects GL_ARB_shader_bit_encoding GL_ARB_texture_compression_bptc GL_ARB_timer_query GL_ARB_transform_feedback2 GL_ARB_transform_feedback3 GL_ANGLE_texture_compression_dxt3 GL_ANGLE_texture_compression_dxt5 GL_ARB_compressed_texture_pixel_storage GL_ARB_conservative_depth GL_ARB_internalformat_query GL_ARB_map_buffer_alignment GL_ARB_shader_atomic_counters GL_ARB_shader_image_load_store GL_ARB_shading_language_420pack GL_ARB_shading_language_packing GL_ARB_texture_storage GL_ARB_transform_feedback_instanced GL_EXT_framebuffer_multisample_blit_scaled GL_EXT_transform_feedback GL_AMD_shader_trinary_minmax GL_ARB_ES3_compatibility GL_ARB_clear_buffer_object GL_ARB_copy_image GL_ARB_explicit_uniform_location GL_ARB_framebuffer_no_attachments GL_ARB_invalidate_subdata GL_ARB_program_interface_query GL_ARB_shader_image_size GL_ARB_texture_query_levels GL_ARB_texture_storage_multisample GL_ARB_texture_view GL_ARB_vertex_attrib_binding GL_KHR_debug GL_ARB_buffer_storage GL_ARB_clear_texture GL_ARB_multi_bind GL_ARB_seamless_cubemap_per_texture GL_ARB_texture_mirror_clamp_to_edge GL_ARB_vertex_type_10f_11f_11f_rev GL_EXT_shader_integer_mix GL_INTEL_performance_query GL_ARB_clip_control GL_ARB_conditional_render_inverted GL_ARB_derivative_control GL_ARB_get_texture_sub_image GL_ARB_pipeline_statistics_query GL_EXT_polygon_offset_clamp GL_KHR_context_flush_control 
18:42:45: ***************************
18:42:45: *** GL Renderer Started ***
18:42:45: ***************************
18:42:45: Registering ResourceManager for type GpuProgram
18:42:45: GLSL support detected
18:42:45: GL: Using GL_EXT_framebuffer_object for rendering to textures (best)
18:42:45: FBO PF_UNKNOWN depth/stencil support: D0S1 D0S4 D0S8 D0S16 D16S0 D16S1 D16S4 D16S8 D16S16 D24S0 D24S1 D24S4 D24S8 D24S16 D32S0 D32S1 D32S4 D32S8 D32S16 Packed-D24S8 
18:42:45: FBO PF_L8 depth/stencil support: D0S0 D0S1 D0S4 D0S8 D0S16 D16S0 D16S1 D16S4 D16S8 D16S16 D24S0 D24S1 D24S4 D24S8 D24S16 D32S0 D32S1 D32S4 D32S8 D32S16 Packed-D24S8 
18:42:45: FBO PF_L16 depth/stencil support: D0S0 D0S1 D0S4 D0S8 D0S16 D16S0 D16S1 D16S4 D16S8 D16S16 D24S0 D24S1 D24S4 D24S8 D24S16 D32S0 D32S1 D32S4 D32S8 D32S16 Packed-D24S8 
18:42:45: FBO PF_A8 depth/stencil support: D0S0 D0S1 D0S4 D0S8 D0S16 D16S0 D16S1 D16S4 D16S8 D16S16 D24S0 D24S1 D24S4 D24S8 D24S16 D32S0 D32S1 D32S4 D32S8 D32S16 Packed-D24S8 
18:42:45: FBO PF_R5G6B5 depth/stencil support: D0S0 D0S1 D0S4 D0S8 D0S16 D16S0 D16S1 D16S4 D16S8 D16S16 D24S0 D24S1 D24S4 D24S8 D24S16 D32S0 D32S1 D32S4 D32S8 D32S16 Packed-D24S8 
18:42:45: FBO PF_B5G6R5 depth/stencil support: D0S0 D0S1 D0S4 D0S8 D0S16 D16S0 D16S1 D16S4 D16S8 D16S16 D24S0 D24S1 D24S4 D24S8 D24S16 D32S0 D32S1 D32S4 D32S8 D32S16 Packed-D24S8 
18:42:45: FBO PF_A4R4G4B4 depth/stencil support: D0S0 D0S1 D0S4 D0S8 D0S16 D16S0 D16S1 D16S4 D16S8 D16S16 D24S0 D24S1 D24S4 D24S8 D24S16 D32S0 D32S1 D32S4 D32S8 D32S16 Packed-D24S8 
18:42:45: FBO PF_A1R5G5B5 depth/stencil support: D0S0 D0S1 D0S4 D0S8 D0S16 D16S0 D16S1 D16S4 D16S8 D16S16 D24S0 D24S1 D24S4 D24S8 D24S16 D32S0 D32S1 D32S4 D32S8 D32S16 Packed-D24S8 
18:42:45: FBO PF_R8G8B8 depth/stencil support: D0S0 D0S1 D0S4 D0S8 D0S16 D16S0 D16S1 D16S4 D16S8 D16S16 D24S0 D24S1 D24S4 D24S8 D24S16 D32S0 D32S1 D32S4 D32S8 D32S16 Packed-D24S8 
18:42:45: FBO PF_B8G8R8 depth/stencil support: D0S0 D0S1 D0S4 D0S8 D0S16 D16S0 D16S1 D16S4 D16S8 D16S16 D24S0 D24S1 D24S4 D24S8 D24S16 D32S0 D32S1 D32S4 D32S8 D32S16 Packed-D24S8 
18:42:45: FBO PF_A8R8G8B8 depth/stencil support: D0S0 D0S1 D0S4 D0S8 D0S16 D16S0 D16S1 D16S4 D16S8 D16S16 D24S0 D24S1 D24S4 D24S8 D24S16 D32S0 D32S1 D32S4 D32S8 D32S16 Packed-D24S8 
18:42:45: FBO PF_B8G8R8A8 depth/stencil support: D0S0 D0S1 D0S4 D0S8 D0S16 D16S0 D16S1 D16S4 D16S8 D16S16 D24S0 D24S1 D24S4 D24S8 D24S16 D32S0 D32S1 D32S4 D32S8 D32S16 Packed-D24S8 
18:42:45: FBO PF_A2R10G10B10 depth/stencil support: D0S0 D0S1 D0S4 D0S8 D0S16 D16S0 D16S1 D16S4 D16S8 D16S16 D24S0 D24S1 D24S4 D24S8 D24S16 D32S0 D32S1 D32S4 D32S8 D32S16 Packed-D24S8 
18:42:45: FBO PF_A2B10G10R10 depth/stencil support: D0S0 D0S1 D0S4 D0S8 D0S16 D16S0 D16S1 D16S4 D16S8 D16S16 D24S0 D24S1 D24S4 D24S8 D24S16 D32S0 D32S1 D32S4 D32S8 D32S16 Packed-D24S8 
18:42:45: FBO PF_FLOAT16_RGB depth/stencil support: D0S0 D0S1 D0S4 D0S8 D0S16 D16S0 D16S1 D16S4 D16S8 D16S16 D24S0 D24S1 D24S4 D24S8 D24S16 D32S0 D32S1 D32S4 D32S8 D32S16 Packed-D24S8 
18:42:45: FBO PF_FLOAT16_RGBA depth/stencil support: D0S0 D0S1 D0S4 D0S8 D0S16 D16S0 D16S1 D16S4 D16S8 D16S16 D24S0 D24S1 D24S4 D24S8 D24S16 D32S0 D32S1 D32S4 D32S8 D32S16 Packed-D24S8 
18:42:45: FBO PF_FLOAT32_RGBA depth/stencil support: D0S0 D0S1 D0S4 D0S8 D0S16 D16S0 D16S1 D16S4 D16S8 D16S16 D24S0 D24S1 D24S4 D24S8 D24S16 D32S0 D32S1 D32S4 D32S8 D32S16 Packed-D24S8 
18:42:45: FBO PF_X8R8G8B8 depth/stencil support: D0S0 D0S1 D0S4 D0S8 D0S16 D16S0 D16S1 D16S4 D16S8 D16S16 D24S0 D24S1 D24S4 D24S8 D24S16 D32S0 D32S1 D32S4 D32S8 D32S16 Packed-D24S8 
18:42:45: FBO PF_X8B8G8R8 depth/stencil support: D0S0 D0S1 D0S4 D0S8 D0S16 D16S0 D16S1 D16S4 D16S8 D16S16 D24S0 D24S1 D24S4 D24S8 D24S16 D32S0 D32S1 D32S4 D32S8 D32S16 Packed-D24S8 
18:42:45: FBO PF_SHORT_RGBA depth/stencil support: D0S0 D0S1 D0S4 D0S8 D0S16 D16S0 D16S1 D16S4 D16S8 D16S16 D24S0 D24S1 D24S4 D24S8 D24S16 D32S0 D32S1 D32S4 D32S8 D32S16 Packed-D24S8 
18:42:45: FBO PF_R3G3B2 depth/stencil support: D0S0 D0S1 D0S4 D0S8 D0S16 D16S0 D16S1 D16S4 D16S8 D16S16 D24S0 D24S1 D24S4 D24S8 D24S16 D32S0 D32S1 D32S4 D32S8 D32S16 Packed-D24S8 
18:42:45: FBO PF_FLOAT16_R depth/stencil support: D0S0 D0S1 D0S4 D0S8 D0S16 D16S0 D16S1 D16S4 D16S8 D16S16 D24S0 D24S1 D24S4 D24S8 D24S16 D32S0 D32S1 D32S4 D32S8 D32S16 Packed-D24S8 
18:42:45: FBO PF_FLOAT32_R depth/stencil support: D0S0 D0S1 D0S4 D0S8 D0S16 D16S0 D16S1 D16S4 D16S8 D16S16 D24S0 D24S1 D24S4 D24S8 D24S16 D32S0 D32S1 D32S4 D32S8 D32S16 Packed-D24S8 
18:42:45: FBO PF_SHORT_RGB depth/stencil support: D0S0 D0S1 D0S4 D0S8 D0S16 D16S0 D16S1 D16S4 D16S8 D16S16 D24S0 D24S1 D24S4 D24S8 D24S16 D32S0 D32S1 D32S4 D32S8 D32S16 Packed-D24S8 
18:42:45: [GL] : Valid FBO targets PF_UNKNOWN PF_L8 PF_L16 PF_A8 PF_R5G6B5 PF_B5G6R5 PF_A4R4G4B4 PF_A1R5G5B5 PF_R8G8B8 PF_B8G8R8 PF_A8R8G8B8 PF_B8G8R8A8 PF_A2R10G10B10 PF_A2B10G10R10 PF_FLOAT16_RGB PF_FLOAT16_RGBA PF_FLOAT32_RGBA PF_X8R8G8B8 PF_X8B8G8R8 PF_SHORT_RGBA PF_R3G3B2 PF_FLOAT16_R PF_FLOAT32_R PF_SHORT_RGB 
18:42:45: RenderSystem capabilities
18:42:45: -------------------------
18:42:45: RenderSystem Name: OpenGL Rendering Subsystem
18:42:45: GPU Vendor: intel
18:42:45: Device Name: Mesa DRI Intel(R) Ivybridge Desktop 
18:42:45: Driver Version: 3.0.0.0
18:42:45:  * Fixed function pipeline: yes
18:42:45:  * Hardware generation of mipmaps: no
18:42:45:  * Texture blending: yes
18:42:45:  * Anisotropic texture filtering: yes
18:42:45:  * Dot product texture operation: yes
18:42:45:  * Cube mapping: yes
18:42:45:  * Hardware stencil buffer: yes
18:42:45:    - Stencil depth: 8
18:42:45:    - Two sided stencil support: yes
18:42:45:    - Wrap stencil values: yes
18:42:45:  * Hardware vertex / index buffers: yes
18:42:45:  * Vertex programs: yes
18:42:45:  * Number of floating-point constants for vertex programs: 4096
18:42:45:  * Number of integer constants for vertex programs: 0
18:42:45:  * Number of boolean constants for vertex programs: 0
18:42:45:  * Fragment programs: yes
18:42:45:  * Number of floating-point constants for fragment programs: 4096
18:42:45:  * Number of integer constants for fragment programs: 0
18:42:45:  * Number of boolean constants for fragment programs: 0
18:42:45:  * Geometry programs: no
18:42:45:  * Number of floating-point constants for geometry programs: 0
18:42:45:  * Number of integer constants for geometry programs: 0
18:42:45:  * Number of boolean constants for geometry programs: 0
18:42:45:  * Tesselation Hull programs: no
18:42:45:  * Number of floating-point constants for tesselation hull programs: 0
18:42:45:  * Number of integer constants for tesselation hull programs: 0
18:42:45:  * Number of boolean constants for tesselation hull programs: 0
18:42:45:  * Tesselation Domain programs: no
18:42:45:  * Number of floating-point constants for tesselation domain programs: 0
18:42:45:  * Number of integer constants for tesselation domain programs: 0
18:42:45:  * Number of boolean constants for tesselation domain programs: 0
18:42:45:  * Compute programs: no
18:42:45:  * Number of floating-point constants for compute programs: 0
18:42:45:  * Number of integer constants for compute programs: 0
18:42:45:  * Number of boolean constants for compute programs: 0
18:42:45:  * Supported Shader Profiles: arbfp1 arbvp1 glsl glsl100 glsl110 glsl120
18:42:45:  * Texture Compression: yes
18:42:45:    - DXT: no
18:42:45:    - VTC: no
18:42:45:    - PVRTC: no
18:42:45:    - ATC: no
18:42:45:    - ETC1: no
18:42:45:    - ETC2: no
18:42:45:    - BC4/BC5: no
18:42:45:    - BC6H/BC7: no
18:42:45:  * Scissor Rectangle: yes
18:42:45:  * Hardware Occlusion Query: yes
18:42:45:  * User clip planes: yes
18:42:45:  * VET_UBYTE4 vertex element type: yes
18:42:45:  * Infinite far plane projection: yes
18:42:45:  * Hardware render-to-texture: yes
18:42:45:  * Floating point textures: yes
18:42:45:  * Non-power-of-two textures: yes
18:42:45:  * 1d textures: yes
18:42:45:  * Volume textures: yes
18:42:45:  * Multiple Render Targets: 8
18:42:45:    - With different bit depths: yes
18:42:45:  * Point Sprites: yes
18:42:45:  * Extended point parameters: yes
18:42:45:  * Max Point Size: 255
18:42:45:  * Vertex texture fetch: yes
18:42:45:  * Number of world matrices: 0
18:42:45:  * Number of texture units: 16
18:42:45:  * Stencil buffer depth: 8
18:42:45:  * Number of vertex blend matrices: 0
18:42:45:    - Max vertex textures: 16
18:42:45:    - Vertex textures shared: yes
18:42:45:  * Render to Vertex Buffer : no
18:42:45:  * Hardware Atomic Counters: no
18:42:45:  * GL 1.5 without VBO workaround: no
18:42:45:  * Frame Buffer objects: yes
18:42:45:  * Frame Buffer objects (ARB extension): no
18:42:45:  * Frame Buffer objects (ATI extension): no
18:42:45:  * PBuffer support: yes
18:42:45:  * GL 1.5 without HW-occlusion workaround: no
18:42:45:  * Vertex Array Objects: no
18:42:45:  * Separate shader objects: no
18:42:45: Using FSAA from GL_ARB_multisample extension.
18:42:45: DefaultWorkQueue('Root') initialising on thread 7f74ff790900.
18:42:45: Particle Renderer Type 'billboard' registered
18:42:45: DefaultWorkQueue('Root')::WorkerFunc - thread 7f74e1c56700 starting.
18:42:45: DefaultWorkQueue('Root')::WorkerFunc - thread 7f74e2457700 starting.
18:43:28: DefaultWorkQueue('Root') shutting down on thread 7f74ff790900.
18:43:28: DefaultWorkQueue('Root')::WorkerFunc - thread 7f74e2457700 stopped.
18:43:28: DefaultWorkQueue('Root')::WorkerFunc - thread 7f74e1c56700 stopped.
18:43:28: *-*-* OGRE Shutdown
18:43:28: Unregistering ResourceManager for type Compositor
18:43:28: Unregistering ResourceManager for type Skeleton
18:43:28: Unregistering ResourceManager for type Mesh
18:43:28: Unregistering ResourceManager for type HighLevelGpuProgram
18:43:28: Unregistering ResourceManager for type GpuProgram
18:43:28: ******************************
*** Stopping SDL Subsystem ***
******************************
18:43:28: Unregistering ResourceManager for type Texture
18:43:28: Unregistering ResourceManager for type Material
